<?xml version="1.0" encoding="UTF-8"?>
<testsuite xmlns:xsi="http://www.w3.org/2001/XMLSchema-instance" xsi:noNamespaceSchemaLocation="https://maven.apache.org/surefire/maven-surefire-plugin/xsd/surefire-test-report-3.0.xsd" version="3.0" name="fftanalysis.imagej.FibaMatlabProcessorTest" time="0.144" tests="2" errors="0" skipped="0" failures="0">
  <properties>
[...]
</properties>
  <testcase name="process_returnsExpectedShapesAndRanges" classname="fftanalysis.imagej.FibaMatlabProcessorTest" time="0.064"/>
  <testcase name="process_detectsOrientedSinusoidWithinTolerance" classname="fftanalysis.imagej.FibaMatlabProcessorTest" time="0.063"/>
</testsuite>