<?xml version="1.0" encoding="UTF-8"?>
<testsuite xmlns:xsi="http://www.w3.org/2001/XMLSchema-instance" xsi:noNamespaceSchemaLocation="https://maven.apache.org/surefire/maven-surefire-plugin/xsd/surefire-test-report.xsd" version="3.0.2" name="fftanalysis.imagej.GenerateTileMontageFromSourceTest" time="0.716" tests="1" errors="0" skipped="0" failures="0" flakes="0">
  <properties>
[...]
</properties>
  <testcase name="runTileMontageFromConfiguredSourceImage" classname="fftanalysis.imagej.GenerateTileMontageFromSourceTest" time="0.7">
    <system-out><![CDATA[[TILE_MONTAGE] Writing outputs to: c:\Users\dunnmk\repos\imgjplugin\notebooks\_assets\fiba_wavelet_montage\generated_from_source_picture1
[TILE_MONTAGE] tileSize=128 tilesY=10 outDir=c:\Users\dunnmk\repos\imgjplugin\notebooks\_assets\fiba_wavelet_montage\generated_from_source_picture1
Generated files for Picture1:
 - Picture1_tile10_crop.jpg
 - Picture1_tile10_fft.jpg
 - Picture1_tile10_mask.jpg
 - Picture1_tile10_polar.jpg
 - Picture1_tile10_rec.jpg
 - Picture1_tile10_sol.jpg
 - Picture1_tile1_crop.jpg
 - Picture1_tile1_fft.jpg
 - Picture1_tile1_mask.jpg
 - Picture1_tile1_polar.jpg
 - Picture1_tile1_rec.jpg
 - Picture1_tile1_sol.jpg
 - Picture1_tile2_crop.jpg
 - Picture1_tile2_fft.jpg
 - Picture1_tile2_mask.jpg
 - Picture1_tile2_polar.jpg
 - Picture1_tile2_rec.jpg
 - Picture1_tile2_sol.jpg
 - Picture1_tile3_crop.jpg
 - Picture1_tile3_fft.jpg
 - Picture1_tile3_mask.jpg
 - Picture1_tile3_polar.jpg
 - Picture1_tile3_rec.jpg
 - Picture1_tile3_sol.jpg
 - Picture1_tile4_crop.jpg
 - Picture1_tile4_fft.jpg
 - Picture1_tile4_mask.jpg
 - Picture1_tile4_polar.jpg
 - Picture1_tile4_rec.jpg
 - Picture1_tile4_sol.jpg
 - Picture1_tile5_crop.jpg
 - Picture1_tile5_fft.jpg
 - Picture1_tile5_mask.jpg
 - Picture1_tile5_polar.jpg
 - Picture1_tile5_rec.jpg
 - Picture1_tile5_sol.jpg
 - Picture1_tile6_crop.jpg
 - Picture1_tile6_fft.jpg
 - Picture1_tile6_mask.jpg
 - Picture1_tile6_polar.jpg
 - Picture1_tile6_rec.jpg
 - Picture1_tile6_sol.jpg
 - Picture1_tile7_crop.jpg
 - Picture1_tile7_fft.jpg
 - Picture1_tile7_mask.jpg
 - Picture1_tile7_polar.jpg
 - Picture1_tile7_rec.jpg
 - Picture1_tile7_sol.jpg
 - Picture1_tile8_crop.jpg
 - Picture1_tile8_fft.jpg
 - Picture1_tile8_mask.jpg
 - Picture1_tile8_polar.jpg
 - Picture1_tile8_rec.jpg
 - Picture1_tile8_sol.jpg
 - Picture1_tile9_crop.jpg
 - Picture1_tile9_fft.jpg
 - Picture1_tile9_mask.jpg
 - Picture1_tile9_polar.jpg
 - Picture1_tile9_rec.jpg
 - Picture1_tile9_sol.jpg
 - Picture1_tile_boxes.jpg
 - Picture1_tile_montage.jpg
 - Picture1_tile_profile.jpg
 - Picture1_tile_results.csv
]]></system-out>
  </testcase>
</testsuite>